<?xml version="1.0" encoding="UTF-8"?>
<!-- Generated by org.testng.reporters.JUnitReportReporter -->
<testsuite hostname="MusaKalim" failures="0" tests="3" name="smarttech.nyc.testNGChallenges.CrossBrowserTesting" time="12.353" errors="0" timestamp="14 May 2023 16:38:44 GMT" skipped="0">
  <testcase classname="smarttech.nyc.testNGChallenges.CrossBrowserTesting" name="TestSteps" time="3.412"/>
  <testcase classname="smarttech.nyc.testNGChallenges.CrossBrowserTesting" name="TestSteps" time="6.018"/>
  <testcase classname="smarttech.nyc.testNGChallenges.CrossBrowserTesting" name="TestSteps" time="2.923"/>
</testsuite> <!-- smarttech.nyc.testNGChallenges.CrossBrowserTesting -->
