<?xml version="1.0" encoding="UTF-8"?>
<!-- Generated by org.testng.reporters.JUnitReportReporter -->
<testsuite hostname="MusaKalim" failures="0" tests="10" name="smarttech.nyc.testNGChallenges.SameTCMultipleTime" time="0.072" errors="0" timestamp="13 May 2023 20:25:32 GMT" skipped="0">
  <testcase classname="smarttech.nyc.testNGChallenges.SameTCMultipleTime" name="getBeforeClass" time="0.004"/>
  <testcase classname="smarttech.nyc.testNGChallenges.SameTCMultipleTime" name="getBeforeClass" time="0.003"/>
  <testcase classname="smarttech.nyc.testNGChallenges.SameTCMultipleTime" name="getBeforeClass" time="0.003"/>
  <testcase classname="smarttech.nyc.testNGChallenges.SameTCMultipleTime" name="getBeforeClass" time="0.002"/>
  <testcase classname="smarttech.nyc.testNGChallenges.SameTCMultipleTime" name="getBeforeClass" time="0.004"/>
  <testcase classname="smarttech.nyc.testNGChallenges.SameTCMultipleTime" name="getBeforeClass" time="0.041"/>
  <testcase classname="smarttech.nyc.testNGChallenges.SameTCMultipleTime" name="getBeforeClass" time="0.002"/>
  <testcase classname="smarttech.nyc.testNGChallenges.SameTCMultipleTime" name="getBeforeClass" time="0.005"/>
  <testcase classname="smarttech.nyc.testNGChallenges.SameTCMultipleTime" name="getBeforeClass" time="0.003"/>
  <testcase classname="smarttech.nyc.testNGChallenges.SameTCMultipleTime" name="getBeforeClass" time="0.005"/>
</testsuite> <!-- smarttech.nyc.testNGChallenges.SameTCMultipleTime -->
