<?xml version="1.0" encoding="UTF-8"?>
<!-- Generated by org.testng.reporters.JUnitReportReporter -->
<testsuite hostname="MusaKalim" failures="0" tests="3" name="smarttech.nyc.testNGChallenges.FailedTestCases" time="0.042" errors="0" timestamp="13 May 2023 23:25:40 GMT" skipped="0">
  <testcase classname="smarttech.nyc.testNGChallenges.FailedTestCases" name="getTestFive" time="0.014"/>
  <testcase classname="smarttech.nyc.testNGChallenges.FailedTestCases" name="getTestThree" time="0.014"/>
  <testcase classname="smarttech.nyc.testNGChallenges.FailedTestCases" name="getTestOne" time="0.014"/>
</testsuite> <!-- smarttech.nyc.testNGChallenges.FailedTestCases -->
