<?xml version="1.0" encoding="UTF-8"?>
<!-- Generated by org.testng.reporters.JUnitReportReporter -->
<testsuite hostname="MusaKalim" failures="0" tests="4" name="smarttech.nyc.testNGChallenges.ParallelTesting" time="11.001" errors="0" timestamp="14 May 2023 06:33:06 GMT" skipped="0">
  <testcase classname="smarttech.nyc.testNGChallenges.ParallelTesting" name="smokeTest" time="2.711"/>
  <testcase classname="smarttech.nyc.testNGChallenges.ParallelTesting" name="sanityTest" time="2.583"/>
  <testcase classname="smarttech.nyc.testNGChallenges.ParallelTesting" name="regressionTest" time="2.541"/>
  <testcase classname="smarttech.nyc.testNGChallenges.ParallelTesting" name="functionalTest" time="3.166"/>
</testsuite> <!-- smarttech.nyc.testNGChallenges.ParallelTesting -->
