<?xml version="1.0" encoding="UTF-8"?>
<!-- Generated by org.testng.reporters.JUnitReportReporter -->
<testsuite hostname="MusaKalim" failures="0" tests="1" name="smarttech.nyc.testNGChallenges.BasicAnnotations" time="0.041" errors="0" timestamp="13 May 2023 20:07:18 GMT" skipped="0">
  <testcase classname="smarttech.nyc.testNGChallenges.BasicAnnotations" name="getTest" time="0.041"/>
</testsuite> <!-- smarttech.nyc.testNGChallenges.BasicAnnotations -->
