<?xml version="1.0" encoding="UTF-8"?>
<!-- Generated by org.testng.reporters.JUnitReportReporter -->
<testsuite hostname="MusaKalim" failures="0" tests="3" name="smarttech.nyc.testNGChallenges.EnableTrueFalse" time="0.028" errors="0" timestamp="13 May 2023 20:23:14 GMT" skipped="1">
  <testcase classname="smarttech.nyc.testNGChallenges.EnableTrueFalse" name="getBeforeClass3" time="0.004"/>
  <testcase classname="smarttech.nyc.testNGChallenges.EnableTrueFalse" name="getBeforeClass2" time="0.024"/>
  <testcase classname="smarttech.nyc.testNGChallenges.EnableTrueFalse" name="getBeforeClass1">
    <skipped/>
  </testcase> <!-- getBeforeClass1 -->
</testsuite> <!-- smarttech.nyc.testNGChallenges.EnableTrueFalse -->
