<?xml version="1.0" encoding="UTF-8"?>
<!-- Generated by org.testng.reporters.JUnitReportReporter -->
<testsuite hostname="MusaKalim" failures="0" tests="3" name="smarttech.nyc.testNGChallenges.PriorityTest" time="0.040" errors="0" timestamp="13 May 2023 20:18:14 GMT" skipped="0">
  <testcase classname="smarttech.nyc.testNGChallenges.PriorityTest" name="getBeforeClass2" time="0.030"/>
  <testcase classname="smarttech.nyc.testNGChallenges.PriorityTest" name="getBeforeClass" time="0.006"/>
  <testcase classname="smarttech.nyc.testNGChallenges.PriorityTest" name="getBeforeClass3" time="0.004"/>
</testsuite> <!-- smarttech.nyc.testNGChallenges.PriorityTest -->
