<?xml version="1.0" encoding="UTF-8"?>
<!-- Generated by org.testng.reporters.JUnitReportReporter -->
<testsuite hostname="MusaKalim" failures="0" tests="1" name="smarttech.nyc.myrunner.TestRunner" time="6.490" errors="0" timestamp="14 May 2023 07:04:00 GMT" skipped="0">
  <testcase classname="smarttech.nyc.myrunner.TestRunner" name="runScenario" time="6.490"/>
</testsuite> <!-- smarttech.nyc.myrunner.TestRunner -->
